<?xml version="1.0" encoding="UTF-8"?>
<!-- Generated by org.testng.reporters.JUnitReportReporter -->
<testsuite hostname="DESKTOP-RS21FI2" failures="0" tests="6" name="vn.lab.XepLoaiTest" time="0.043" errors="0" timestamp="2026-03-18T16:16:39 ICT" skipped="0">
  <testcase classname="vn.lab.XepLoaiTest" name="testTrungBinh" time="0.001"/>
  <testcase classname="vn.lab.XepLoaiTest" name="testYeuHocLai" time="0.001"/>
  <testcase classname="vn.lab.XepLoaiTest" name="testGioi" time="0.002"/>
  <testcase classname="vn.lab.XepLoaiTest" name="testThiLai" time="0.002"/>
  <testcase classname="vn.lab.XepLoaiTest" name="testKha" time="0.002"/>
  <testcase classname="vn.lab.XepLoaiTest" name="testDiemKhongHopLe" time="0.035"/>
</testsuite> <!-- vn.lab.XepLoaiTest -->
