<?xml version="1.0" encoding="UTF-8"?>
<testng-results ignored="0" total="2" passed="2" failed="0" skipped="0">
  <reporter-output>
  </reporter-output>
  <suite started-at="2026-03-10T15:19:29 ICT" name="ParallelSuite" finished-at="2026-03-10T15:19:37 ICT" duration-ms="7760">
    <groups>
    </groups>
    <test started-at="2026-03-10T15:19:29 ICT" name="ParallelTests" finished-at="2026-03-10T15:19:37 ICT" duration-ms="7760">
      <class name="dtm.tests.CartTest">
        <test-method is-config="true" signature="setUp()[pri:0, instance:dtm.tests.CartTest@6ed3ccb2]" started-at="2026-03-10T15:19:29 ICT" name="setUp" finished-at="2026-03-10T15:19:35 ICT" duration-ms="6454" status="PASS">
          <reporter-output>
          </reporter-output>
        </test-method> <!-- setUp -->
        <test-method signature="testAddToCart()[pri:0, instance:dtm.tests.CartTest@6ed3ccb2]" started-at="2026-03-10T15:19:35 ICT" name="testAddToCart" finished-at="2026-03-10T15:19:36 ICT" duration-ms="941" status="PASS">
          <reporter-output>
          </reporter-output>
        </test-method> <!-- testAddToCart -->
        <test-method is-config="true" signature="tearDown()[pri:0, instance:dtm.tests.CartTest@6ed3ccb2]" started-at="2026-03-10T15:19:36 ICT" name="tearDown" finished-at="2026-03-10T15:19:37 ICT" duration-ms="312" status="PASS">
          <reporter-output>
          </reporter-output>
        </test-method> <!-- tearDown -->
      </class> <!-- dtm.tests.CartTest -->
      <class name="dtm.tests.LoginTest">
        <test-method is-config="true" signature="setUp()[pri:0, instance:dtm.tests.LoginTest@3cd3e762]" started-at="2026-03-10T15:19:29 ICT" name="setUp" finished-at="2026-03-10T15:19:35 ICT" duration-ms="6419" status="PASS">
          <reporter-output>
          </reporter-output>
        </test-method> <!-- setUp -->
        <test-method signature="testLogin()[pri:0, instance:dtm.tests.LoginTest@3cd3e762]" started-at="2026-03-10T15:19:35 ICT" name="testLogin" finished-at="2026-03-10T15:19:36 ICT" duration-ms="776" status="PASS">
          <reporter-output>
          </reporter-output>
        </test-method> <!-- testLogin -->
        <test-method is-config="true" signature="tearDown()[pri:0, instance:dtm.tests.LoginTest@3cd3e762]" started-at="2026-03-10T15:19:36 ICT" name="tearDown" finished-at="2026-03-10T15:19:37 ICT" duration-ms="399" status="PASS">
          <reporter-output>
          </reporter-output>
        </test-method> <!-- tearDown -->
      </class> <!-- dtm.tests.LoginTest -->
    </test> <!-- ParallelTests -->
  </suite> <!-- ParallelSuite -->
</testng-results>
