<?xml version="1.0" encoding="UTF-8"?>
<!-- Generated by org.testng.reporters.JUnitReportReporter -->
<testsuite hostname="DESKTOP-RS21FI2" failures="0" tests="6" name="vn.lab.TinhTienNuocTest" time="0.048" errors="0" timestamp="2026-03-18T16:45:42 ICT" skipped="0">
  <testcase classname="vn.lab.TinhTienNuocTest" name="testKinhDoanh10m3" time="0.002"/>
  <testcase classname="vn.lab.TinhTienNuocTest" name="testSoM30" time="0.002"/>
  <testcase classname="vn.lab.TinhTienNuocTest" name="testDanCu25m3" time="0.003"/>
  <testcase classname="vn.lab.TinhTienNuocTest" name="testHoNgheo5m3" time="0.002"/>
  <testcase classname="vn.lab.TinhTienNuocTest" name="testDanCu8m3" time="0.002"/>
  <testcase classname="vn.lab.TinhTienNuocTest" name="testDanCu15m3" time="0.037"/>
</testsuite> <!-- vn.lab.TinhTienNuocTest -->
