<?xml version="1.0" encoding="UTF-8"?>
<testng-results ignored="0" total="2" passed="2" failed="0" skipped="0">
  <reporter-output>
  </reporter-output>
  <suite started-at="2026-03-10T13:07:19 ICT" name="Default suite" finished-at="2026-03-10T13:07:34 ICT" duration-ms="14483">
    <groups>
    </groups>
    <test started-at="2026-03-10T13:07:19 ICT" name="Default test" finished-at="2026-03-10T13:07:34 ICT" duration-ms="14483">
      <class name="dtm.TitleTest">
        <test-method is-config="true" signature="setUp()[pri:0, instance:dtm.TitleTest@55141def]" started-at="2026-03-10T13:07:19 ICT" name="setUp" finished-at="2026-03-10T13:07:29 ICT" duration-ms="9315" status="PASS">
          <reporter-output>
          </reporter-output>
        </test-method> <!-- setUp -->
        <test-method signature="testTitle()[pri:0, instance:dtm.TitleTest@55141def]" started-at="2026-03-10T13:07:29 ICT" name="testTitle" description="Kiem thu tieu de trang chu" finished-at="2026-03-10T13:07:29 ICT" duration-ms="30" status="PASS">
          <reporter-output>
          </reporter-output>
        </test-method> <!-- testTitle -->
        <test-method is-config="true" signature="tearDown()[pri:0, instance:dtm.TitleTest@55141def]" started-at="2026-03-10T13:07:29 ICT" name="tearDown" finished-at="2026-03-10T13:07:29 ICT" duration-ms="256" status="PASS">
          <reporter-output>
          </reporter-output>
        </test-method> <!-- tearDown -->
        <test-method is-config="true" signature="setUp()[pri:0, instance:dtm.TitleTest@55141def]" started-at="2026-03-10T13:07:29 ICT" name="setUp" finished-at="2026-03-10T13:07:33 ICT" duration-ms="4596" status="PASS">
          <reporter-output>
          </reporter-output>
        </test-method> <!-- setUp -->
        <test-method signature="testURL()[pri:0, instance:dtm.TitleTest@55141def]" started-at="2026-03-10T13:07:33 ICT" name="testURL" description="Kiem thu URL trang chu" finished-at="2026-03-10T13:07:33 ICT" duration-ms="19" status="PASS">
          <reporter-output>
          </reporter-output>
        </test-method> <!-- testURL -->
        <test-method is-config="true" signature="tearDown()[pri:0, instance:dtm.TitleTest@55141def]" started-at="2026-03-10T13:07:33 ICT" name="tearDown" finished-at="2026-03-10T13:07:34 ICT" duration-ms="212" status="PASS">
          <reporter-output>
          </reporter-output>
        </test-method> <!-- tearDown -->
      </class> <!-- dtm.TitleTest -->
    </test> <!-- Default test -->
  </suite> <!-- Default suite -->
</testng-results>
