<?xml version="1.0" encoding="UTF-8"?>
<!-- Generated by org.testng.reporters.JUnitXMLReporter -->
<testsuite ignored="0" hostname="DESKTOP-RS21FI2" failures="0" tests="5" name="Default test" time="28.183" errors="0" timestamp="2026-03-10T13:48:48 ICT">
  <testcase classname="dtm.LoginTest" name="testLoginEmptyPassword" time="0.497"/>
  <testcase classname="dtm.LoginTest" name="testLoginEmptyUsername" time="0.385"/>
  <testcase classname="dtm.LoginTest" name="testLoginLockedUser" time="0.544"/>
  <testcase classname="dtm.LoginTest" name="testLoginSuccess" time="0.483"/>
  <testcase classname="dtm.LoginTest" name="testLoginWrongPassword" time="0.462"/>
</testsuite> <!-- Default test -->
