<?xml version="1.0" encoding="UTF-8"?>
<!-- Generated by org.testng.reporters.JUnitXMLReporter -->
<testsuite ignored="0" hostname="DESKTOP-RS21FI2" failures="0" tests="6" name="SmokeTests" time="0.116" errors="0" timestamp="2026-03-10T14:21:14 ICT">
  <testcase classname="dtm.LoginTest" name="testLoginFail" time="0.019"/>
  <testcase classname="dtm.LoginTest" name="testLoginSuccess" time="0.002"/>
  <testcase classname="dtm.CartTest" name="testAddToCart" time="0.002"/>
  <testcase classname="dtm.CartTest" name="testRemoveFromCart" time="0.001"/>
  <testcase classname="dtm.CheckoutTest" name="testCheckoutCancel" time="0.002"/>
  <testcase classname="dtm.CheckoutTest" name="testCheckoutSuccess" time="0.001"/>
</testsuite> <!-- SmokeTests -->
