<?xml version="1.0" encoding="UTF-8"?>
<testng-results ignored="0" total="6" passed="6" failed="0" skipped="0">
  <reporter-output>
  </reporter-output>
  <suite started-at="2026-03-18T16:45:42 ICT" name="Default suite" finished-at="2026-03-18T16:45:42 ICT" duration-ms="149">
    <groups>
    </groups>
    <test started-at="2026-03-18T16:45:42 ICT" name="Default test" finished-at="2026-03-18T16:45:42 ICT" duration-ms="149">
      <class name="vn.lab.TinhTienNuocTest">
        <test-method signature="testDanCu15m3()[pri:0, instance:vn.lab.TinhTienNuocTest@384ad17b]" started-at="2026-03-18T16:45:42 ICT" name="testDanCu15m3" finished-at="2026-03-18T16:45:42 ICT" duration-ms="37" status="PASS">
          <reporter-output>
          </reporter-output>
        </test-method> <!-- testDanCu15m3 -->
        <test-method signature="testDanCu25m3()[pri:0, instance:vn.lab.TinhTienNuocTest@384ad17b]" started-at="2026-03-18T16:45:42 ICT" name="testDanCu25m3" finished-at="2026-03-18T16:45:42 ICT" duration-ms="3" status="PASS">
          <reporter-output>
          </reporter-output>
        </test-method> <!-- testDanCu25m3 -->
        <test-method signature="testDanCu8m3()[pri:0, instance:vn.lab.TinhTienNuocTest@384ad17b]" started-at="2026-03-18T16:45:42 ICT" name="testDanCu8m3" finished-at="2026-03-18T16:45:42 ICT" duration-ms="2" status="PASS">
          <reporter-output>
          </reporter-output>
        </test-method> <!-- testDanCu8m3 -->
        <test-method signature="testHoNgheo5m3()[pri:0, instance:vn.lab.TinhTienNuocTest@384ad17b]" started-at="2026-03-18T16:45:42 ICT" name="testHoNgheo5m3" finished-at="2026-03-18T16:45:42 ICT" duration-ms="2" status="PASS">
          <reporter-output>
          </reporter-output>
        </test-method> <!-- testHoNgheo5m3 -->
        <test-method signature="testKinhDoanh10m3()[pri:0, instance:vn.lab.TinhTienNuocTest@384ad17b]" started-at="2026-03-18T16:45:42 ICT" name="testKinhDoanh10m3" finished-at="2026-03-18T16:45:42 ICT" duration-ms="2" status="PASS">
          <reporter-output>
          </reporter-output>
        </test-method> <!-- testKinhDoanh10m3 -->
        <test-method signature="testSoM30()[pri:0, instance:vn.lab.TinhTienNuocTest@384ad17b]" started-at="2026-03-18T16:45:42 ICT" name="testSoM30" finished-at="2026-03-18T16:45:42 ICT" duration-ms="2" status="PASS">
          <reporter-output>
          </reporter-output>
        </test-method> <!-- testSoM30 -->
      </class> <!-- vn.lab.TinhTienNuocTest -->
    </test> <!-- Default test -->
  </suite> <!-- Default suite -->
</testng-results>
