<?xml version="1.0" encoding="UTF-8"?>
<!-- Generated by org.testng.reporters.JUnitXMLReporter -->
<testsuite ignored="0" hostname="DESKTOP-RS21FI2" failures="0" tests="6" name="Default test" time="0.13" errors="0" timestamp="2026-03-18T16:16:38 ICT">
  <testcase classname="vn.lab.XepLoaiTest" name="testDiemKhongHopLe" time="0.035"/>
  <testcase classname="vn.lab.XepLoaiTest" name="testGioi" time="0.002"/>
  <testcase classname="vn.lab.XepLoaiTest" name="testKha" time="0.002"/>
  <testcase classname="vn.lab.XepLoaiTest" name="testThiLai" time="0.002"/>
  <testcase classname="vn.lab.XepLoaiTest" name="testTrungBinh" time="0.001"/>
  <testcase classname="vn.lab.XepLoaiTest" name="testYeuHocLai" time="0.001"/>
</testsuite> <!-- Default test -->
