<?xml version="1.0" encoding="UTF-8"?>
<!-- Generated by org.testng.reporters.JUnitReportReporter -->
<testsuite hostname="DESKTOP-RS21FI2" failures="0" tests="5" name="dtm.LoginTest" time="28.109" errors="0" timestamp="2026-03-10T13:48:48 ICT" skipped="0">
  <testcase classname="dtm.LoginTest" name="testLoginLockedUser" time="5.478"/>
  <testcase classname="dtm.LoginTest" name="testLoginWrongPassword" time="6.600"/>
  <testcase classname="dtm.LoginTest" name="testLoginEmptyPassword" time="5.391"/>
  <testcase classname="dtm.LoginTest" name="testLoginEmptyUsername" time="5.307"/>
  <testcase classname="dtm.LoginTest" name="testLoginSuccess" time="5.333"/>
</testsuite> <!-- dtm.LoginTest -->
